# JRE version: OpenJDK Runtime Environment (7.0_65-b32) (build 1.7.0_65-b32)
# Java VM: OpenJDK 64-Bit Server VM (24.65-b04 mixed mode linux-amd64 compressed oops)
Heap
 PSYoungGen      total 69120K, used 59043K [0x00000000eb600000, 0x00000000efd00000, 0x0000000100000000)
  eden space 65536K, 86% used [0x00000000eb600000,0x00000000eed6c978,0x00000000ef600000)
  from space 3584K, 63% used [0x00000000ef980000,0x00000000efbbc2c0,0x00000000efd00000)
  to   space 3584K, 0% used [0x00000000ef600000,0x00000000ef600000,0x00000000ef980000)
 ParOldGen       total 41984K, used 972K [0x00000000c2200000, 0x00000000c4b00000, 0x00000000eb600000)
  object space 41984K, 2% used [0x00000000c2200000,0x00000000c22f3160,0x00000000c4b00000)
 PSPermGen       total 21504K, used 11410K [0x00000000b7c00000, 0x00000000b9100000, 0x00000000c2200000)
  object space 21504K, 53% used [0x00000000b7c00000,0x00000000b8724b90,0x00000000b9100000)
GC Heap History (10 events):
Event: 1,861 GC heap before
{Heap before GC invocations=2 (full 0):
 PSYoungGen      total 18944K, used 18921K [0x00000000eb600000, 0x00000000ecb00000, 0x0000000100000000)
  eden space 16384K, 99% used [0x00000000eb600000,0x00000000ec5fe340,0x00000000ec600000)
  from space 2560K, 99% used [0x00000000ec600000,0x00000000ec87c2c8,0x00000000ec880000)
  to   space 2560K, 0% used [0x00000000ec880000,0x00000000ec880000,0x00000000ecb00000)
 ParOldGen       total 41984K, used 964K [0x00000000c2200000, 0x00000000c4b00000, 0x00000000eb600000)
  object space 41984K, 2% used [0x00000000c2200000,0x00000000c22f1160,0x00000000c4b00000)
 PSPermGen       total 21504K, used 10207K [0x00000000b7c00000, 0x00000000b9100000, 0x00000000c2200000)
  object space 21504K, 47% used [0x00000000b7c00000,0x00000000b85f7c38,0x00000000b9100000)
Event: 1,867 GC heap after
Heap after GC invocations=2 (full 0):
 PSYoungGen      total 18944K, used 1878K [0x00000000eb600000, 0x00000000edb00000, 0x0000000100000000)
  eden space 16384K, 0% used [0x00000000eb600000,0x00000000eb600000,0x00000000ec600000)
  from space 2560K, 73% used [0x00000000ec880000,0x00000000eca55a48,0x00000000ecb00000)
  to   space 2560K, 0% used [0x00000000ec600000,0x00000000ec600000,0x00000000ec880000)
 ParOldGen       total 41984K, used 972K [0x00000000c2200000, 0x00000000c4b00000, 0x00000000eb600000)
  object space 41984K, 2% used [0x00000000c2200000,0x00000000c22f3160,0x00000000c4b00000)
 PSPermGen       total 21504K, used 10207K [0x00000000b7c00000, 0x00000000b9100000, 0x00000000c2200000)
  object space 21504K, 47% used [0x00000000b7c00000,0x00000000b85f7c38,0x00000000b9100000)
}
Event: 1,883 GC heap before
{Heap before GC invocations=3 (full 0):
 PSYoungGen      total 18944K, used 18081K [0x00000000eb600000, 0x00000000edb00000, 0x0000000100000000)
  eden space 16384K, 98% used [0x00000000eb600000,0x00000000ec5d2c70,0x00000000ec600000)
  from space 2560K, 73% used [0x00000000ec880000,0x00000000eca55a48,0x00000000ecb00000)
  to   space 2560K, 0% used [0x00000000ec600000,0x00000000ec600000,0x00000000ec880000)
 ParOldGen       total 41984K, used 972K [0x00000000c2200000, 0x00000000c4b00000, 0x00000000eb600000)
  object space 41984K, 2% used [0x00000000c2200000,0x00000000c22f3160,0x00000000c4b00000)
 PSPermGen       total 21504K, used 10209K [0x00000000b7c00000, 0x00000000b9100000, 0x00000000c2200000)
  object space 21504K, 47% used [0x00000000b7c00000,0x00000000b85f8570,0x00000000b9100000)
Event: 1,888 GC heap after
Heap after GC invocations=3 (full 0):
 PSYoungGen      total 18944K, used 1866K [0x00000000eb600000, 0x00000000edb00000, 0x0000000100000000)
  eden space 16384K, 0% used [0x00000000eb600000,0x00000000eb600000,0x00000000ec600000)
  from space 2560K, 72% used [0x00000000ec600000,0x00000000ec7d28a0,0x00000000ec880000)
  to   space 2560K, 0% used [0x00000000ed880000,0x00000000ed880000,0x00000000edb00000)
 ParOldGen       total 41984K, used 972K [0x00000000c2200000, 0x00000000c4b00000, 0x00000000eb600000)
  object space 41984K, 2% used [0x00000000c2200000,0x00000000c22f3160,0x00000000c4b00000)
 PSPermGen       total 21504K, used 10209K [0x00000000b7c00000, 0x00000000b9100000, 0x00000000c2200000)
  object space 21504K, 47% used [0x00000000b7c00000,0x00000000b85f8570,0x00000000b9100000)
}
Event: 1,903 GC heap before
{Heap before GC invocations=4 (full 0):
 PSYoungGen      total 18944K, used 18243K [0x00000000eb600000, 0x00000000edb00000, 0x0000000100000000)
  eden space 16384K, 99% used [0x00000000eb600000,0x00000000ec5fe5f8,0x00000000ec600000)
  from space 2560K, 72% used [0x00000000ec600000,0x00000000ec7d28a0,0x00000000ec880000)
  to   space 2560K, 0% used [0x00000000ed880000,0x00000000ed880000,0x00000000edb00000)
 ParOldGen       total 41984K, used 972K [0x00000000c2200000, 0x00000000c4b00000, 0x00000000eb600000)
  object space 41984K, 2% used [0x00000000c2200000,0x00000000c22f3160,0x00000000c4b00000)
 PSPermGen       total 21504K, used 10209K [0x00000000b7c00000, 0x00000000b9100000, 0x00000000c2200000)
  object space 21504K, 47% used [0x00000000b7c00000,0x00000000b85f8570,0x00000000b9100000)
Event: 1,909 GC heap after
Heap after GC invocations=4 (full 0):
 PSYoungGen      total 35328K, used 2014K [0x00000000eb600000, 0x00000000edb00000, 0x0000000100000000)
  eden space 32768K, 0% used [0x00000000eb600000,0x00000000eb600000,0x00000000ed600000)
  from space 2560K, 78% used [0x00000000ed880000,0x00000000eda77888,0x00000000edb00000)
  to   space 2560K, 0% used [0x00000000ed600000,0x00000000ed600000,0x00000000ed880000)
 ParOldGen       total 41984K, used 972K [0x00000000c2200000, 0x00000000c4b00000, 0x00000000eb600000)
  object space 41984K, 2% used [0x00000000c2200000,0x00000000c22f3160,0x00000000c4b00000)
 PSPermGen       total 21504K, used 10209K [0x00000000b7c00000, 0x00000000b9100000, 0x00000000c2200000)
  object space 21504K, 47% used [0x00000000b7c00000,0x00000000b85f8570,0x00000000b9100000)
}
Event: 1,939 GC heap before
{Heap before GC invocations=5 (full 0):
 PSYoungGen      total 35328K, used 34775K [0x00000000eb600000, 0x00000000edb00000, 0x0000000100000000)
  eden space 32768K, 99% used [0x00000000eb600000,0x00000000ed5fe608,0x00000000ed600000)
  from space 2560K, 78% used [0x00000000ed880000,0x00000000eda77888,0x00000000edb00000)
  to   space 2560K, 0% used [0x00000000ed600000,0x00000000ed600000,0x00000000ed880000)
 ParOldGen       total 41984K, used 972K [0x00000000c2200000, 0x00000000c4b00000, 0x00000000eb600000)
  object space 41984K, 2% used [0x00000000c2200000,0x00000000c22f3160,0x00000000c4b00000)
 PSPermGen       total 21504K, used 10215K [0x00000000b7c00000, 0x00000000b9100000, 0x00000000c2200000)
  object space 21504K, 47% used [0x00000000b7c00000,0x00000000b85f9df8,0x00000000b9100000)
Event: 1,948 GC heap after
Heap after GC invocations=5 (full 0):
 PSYoungGen      total 35328K, used 2134K [0x00000000eb600000, 0x00000000efd00000, 0x0000000100000000)
  eden space 32768K, 0% used [0x00000000eb600000,0x00000000eb600000,0x00000000ed600000)
  from space 2560K, 83% used [0x00000000ed600000,0x00000000ed815a70,0x00000000ed880000)
  to   space 3584K, 0% used [0x00000000ef980000,0x00000000ef980000,0x00000000efd00000)
 ParOldGen       total 41984K, used 972K [0x00000000c2200000, 0x00000000c4b00000, 0x00000000eb600000)
  object space 41984K, 2% used [0x00000000c2200000,0x00000000c22f3160,0x00000000c4b00000)
 PSPermGen       total 21504K, used 10215K [0x00000000b7c00000, 0x00000000b9100000, 0x00000000c2200000)
  object space 21504K, 47% used [0x00000000b7c00000,0x00000000b85f9df8,0x00000000b9100000)
}
Event: 1,970 GC heap before
{Heap before GC invocations=6 (full 0):
 PSYoungGen      total 35328K, used 34887K [0x00000000eb600000, 0x00000000efd00000, 0x0000000100000000)
  eden space 32768K, 99% used [0x00000000eb600000,0x00000000ed5fc2e8,0x00000000ed600000)
  from space 2560K, 83% used [0x00000000ed600000,0x00000000ed815a70,0x00000000ed880000)
  to   space 3584K, 0% used [0x00000000ef980000,0x00000000ef980000,0x00000000efd00000)
 ParOldGen       total 41984K, used 972K [0x00000000c2200000, 0x00000000c4b00000, 0x00000000eb600000)
  object space 41984K, 2% used [0x00000000c2200000,0x00000000c22f3160,0x00000000c4b00000)
 PSPermGen       total 21504K, used 10215K [0x00000000b7c00000, 0x00000000b9100000, 0x00000000c2200000)
  object space 21504K, 47% used [0x00000000b7c00000,0x00000000b85f9df8,0x00000000b9100000)
Event: 1,981 GC heap after
Heap after GC invocations=6 (full 0):
 PSYoungGen      total 69120K, used 2288K [0x00000000eb600000, 0x00000000efd00000, 0x0000000100000000)
  eden space 65536K, 0% used [0x00000000eb600000,0x00000000eb600000,0x00000000ef600000)
  from space 3584K, 63% used [0x00000000ef980000,0x00000000efbbc2c0,0x00000000efd00000)
  to   space 3584K, 0% used [0x00000000ef600000,0x00000000ef600000,0x00000000ef980000)
 ParOldGen       total 41984K, used 972K [0x00000000c2200000, 0x00000000c4b00000, 0x00000000eb600000)
  object space 41984K, 2% used [0x00000000c2200000,0x00000000c22f3160,0x00000000c4b00000)
 PSPermGen       total 21504K, used 10215K [0x00000000b7c00000, 0x00000000b9100000, 0x00000000c2200000)
  object space 21504K, 47% used [0x00000000b7c00000,0x00000000b85f9df8,0x00000000b9100000)
}

