# JRE version: OpenJDK Runtime Environment (7.0_65-b32) (build 1.7.0_65-b32)
# Java VM: OpenJDK 64-Bit Server VM (24.65-b04 mixed mode linux-amd64 compressed oops)
Heap
 PSYoungGen      total 68096K, used 18980K [0x00000000eb600000, 0x00000000f3d00000, 0x0000000100000000)
  eden space 65536K, 25% used [0x00000000eb600000,0x00000000ec63daa8,0x00000000ef600000)
  from space 2560K, 91% used [0x00000000ef600000,0x00000000ef84b6f0,0x00000000ef880000)
  to   space 3584K, 0% used [0x00000000f3980000,0x00000000f3980000,0x00000000f3d00000)
 ParOldGen       total 41984K, used 997K [0x00000000c2200000, 0x00000000c4b00000, 0x00000000eb600000)
  object space 41984K, 2% used [0x00000000c2200000,0x00000000c22f95d8,0x00000000c4b00000)
 PSPermGen       total 21504K, used 11637K [0x00000000b7c00000, 0x00000000b9100000, 0x00000000c2200000)
  object space 21504K, 54% used [0x00000000b7c00000,0x00000000b875d400,0x00000000b9100000)
GC Heap History (10 events):
Event: 0,977 GC heap before
{Heap before GC invocations=1 (full 0):
 PSYoungGen      total 18944K, used 16384K [0x00000000eb600000, 0x00000000ecb00000, 0x0000000100000000)
  eden space 16384K, 100% used [0x00000000eb600000,0x00000000ec600000,0x00000000ec600000)
  from space 2560K, 0% used [0x00000000ec880000,0x00000000ec880000,0x00000000ecb00000)
  to   space 2560K, 0% used [0x00000000ec600000,0x00000000ec600000,0x00000000ec880000)
 ParOldGen       total 41984K, used 0K [0x00000000c2200000, 0x00000000c4b00000, 0x00000000eb600000)
  object space 41984K, 0% used [0x00000000c2200000,0x00000000c2200000,0x00000000c4b00000)
 PSPermGen       total 21504K, used 10448K [0x00000000b7c00000, 0x00000000b9100000, 0x00000000c2200000)
  object space 21504K, 48% used [0x00000000b7c00000,0x00000000b8634230,0x00000000b9100000)
Event: 0,988 GC heap after
Heap after GC invocations=1 (full 0):
 PSYoungGen      total 18944K, used 2541K [0x00000000eb600000, 0x00000000edb00000, 0x0000000100000000)
  eden space 16384K, 0% used [0x00000000eb600000,0x00000000eb600000,0x00000000ec600000)
  from space 2560K, 99% used [0x00000000ec600000,0x00000000ec87b578,0x00000000ec880000)
  to   space 2560K, 0% used [0x00000000ed880000,0x00000000ed880000,0x00000000edb00000)
 ParOldGen       total 41984K, used 989K [0x00000000c2200000, 0x00000000c4b00000, 0x00000000eb600000)
  object space 41984K, 2% used [0x00000000c2200000,0x00000000c22f75d8,0x00000000c4b00000)
 PSPermGen       total 21504K, used 10448K [0x00000000b7c00000, 0x00000000b9100000, 0x00000000c2200000)
  object space 21504K, 48% used [0x00000000b7c00000,0x00000000b8634230,0x00000000b9100000)
}
Event: 1,016 GC heap before
{Heap before GC invocations=2 (full 0):
 PSYoungGen      total 18944K, used 18914K [0x00000000eb600000, 0x00000000edb00000, 0x0000000100000000)
  eden space 16384K, 99% used [0x00000000eb600000,0x00000000ec5fd540,0x00000000ec600000)
  from space 2560K, 99% used [0x00000000ec600000,0x00000000ec87b578,0x00000000ec880000)
  to   space 2560K, 0% used [0x00000000ed880000,0x00000000ed880000,0x00000000edb00000)
 ParOldGen       total 41984K, used 989K [0x00000000c2200000, 0x00000000c4b00000, 0x00000000eb600000)
  object space 41984K, 2% used [0x00000000c2200000,0x00000000c22f75d8,0x00000000c4b00000)
 PSPermGen       total 21504K, used 10453K [0x00000000b7c00000, 0x00000000b9100000, 0x00000000c2200000)
  object space 21504K, 48% used [0x00000000b7c00000,0x00000000b8635788,0x00000000b9100000)
Event: 1,022 GC heap after
Heap after GC invocations=2 (full 0):
 PSYoungGen      total 35328K, used 1926K [0x00000000eb600000, 0x00000000edb00000, 0x0000000100000000)
  eden space 32768K, 0% used [0x00000000eb600000,0x00000000eb600000,0x00000000ed600000)
  from space 2560K, 75% used [0x00000000ed880000,0x00000000eda61a38,0x00000000edb00000)
  to   space 2560K, 0% used [0x00000000ed600000,0x00000000ed600000,0x00000000ed880000)
 ParOldGen       total 41984K, used 997K [0x00000000c2200000, 0x00000000c4b00000, 0x00000000eb600000)
  object space 41984K, 2% used [0x00000000c2200000,0x00000000c22f95d8,0x00000000c4b00000)
 PSPermGen       total 21504K, used 10453K [0x00000000b7c00000, 0x00000000b9100000, 0x00000000c2200000)
  object space 21504K, 48% used [0x00000000b7c00000,0x00000000b8635788,0x00000000b9100000)
}
Event: 1,058 GC heap before
{Heap before GC invocations=3 (full 0):
 PSYoungGen      total 35328K, used 34687K [0x00000000eb600000, 0x00000000edb00000, 0x0000000100000000)
  eden space 32768K, 99% used [0x00000000eb600000,0x00000000ed5fe230,0x00000000ed600000)
  from space 2560K, 75% used [0x00000000ed880000,0x00000000eda61a38,0x00000000edb00000)
  to   space 2560K, 0% used [0x00000000ed600000,0x00000000ed600000,0x00000000ed880000)
 ParOldGen       total 41984K, used 997K [0x00000000c2200000, 0x00000000c4b00000, 0x00000000eb600000)
  object space 41984K, 2% used [0x00000000c2200000,0x00000000c22f95d8,0x00000000c4b00000)
 PSPermGen       total 21504K, used 10456K [0x00000000b7c00000, 0x00000000b9100000, 0x00000000c2200000)
  object space 21504K, 48% used [0x00000000b7c00000,0x00000000b86360c0,0x00000000b9100000)
Event: 1,064 GC heap after
Heap after GC invocations=3 (full 0):
 PSYoungGen      total 35328K, used 2126K [0x00000000eb600000, 0x00000000efb00000, 0x0000000100000000)
  eden space 32768K, 0% used [0x00000000eb600000,0x00000000eb600000,0x00000000ed600000)
  from space 2560K, 83% used [0x00000000ed600000,0x00000000ed813878,0x00000000ed880000)
  to   space 2560K, 0% used [0x00000000ef880000,0x00000000ef880000,0x00000000efb00000)
 ParOldGen       total 41984K, used 997K [0x00000000c2200000, 0x00000000c4b00000, 0x00000000eb600000)
  object space 41984K, 2% used [0x00000000c2200000,0x00000000c22f95d8,0x00000000c4b00000)
 PSPermGen       total 21504K, used 10456K [0x00000000b7c00000, 0x00000000b9100000, 0x00000000c2200000)
  object space 21504K, 48% used [0x00000000b7c00000,0x00000000b86360c0,0x00000000b9100000)
}
Event: 1,089 GC heap before
{Heap before GC invocations=4 (full 0):
 PSYoungGen      total 35328K, used 34894K [0x00000000eb600000, 0x00000000efb00000, 0x0000000100000000)
  eden space 32768K, 100% used [0x00000000eb600000,0x00000000ed600000,0x00000000ed600000)
  from space 2560K, 83% used [0x00000000ed600000,0x00000000ed813878,0x00000000ed880000)
  to   space 2560K, 0% used [0x00000000ef880000,0x00000000ef880000,0x00000000efb00000)
 ParOldGen       total 41984K, used 997K [0x00000000c2200000, 0x00000000c4b00000, 0x00000000eb600000)
  object space 41984K, 2% used [0x00000000c2200000,0x00000000c22f95d8,0x00000000c4b00000)
 PSPermGen       total 21504K, used 10462K [0x00000000b7c00000, 0x00000000b9100000, 0x00000000c2200000)
  object space 21504K, 48% used [0x00000000b7c00000,0x00000000b8637948,0x00000000b9100000)
Event: 1,096 GC heap after
Heap after GC invocations=4 (full 0):
 PSYoungGen      total 68096K, used 2214K [0x00000000eb600000, 0x00000000efb00000, 0x0000000100000000)
  eden space 65536K, 0% used [0x00000000eb600000,0x00000000eb600000,0x00000000ef600000)
  from space 2560K, 86% used [0x00000000ef880000,0x00000000efaa9a80,0x00000000efb00000)
  to   space 2560K, 0% used [0x00000000ef600000,0x00000000ef600000,0x00000000ef880000)
 ParOldGen       total 41984K, used 997K [0x00000000c2200000, 0x00000000c4b00000, 0x00000000eb600000)
  object space 41984K, 2% used [0x00000000c2200000,0x00000000c22f95d8,0x00000000c4b00000)
 PSPermGen       total 21504K, used 10462K [0x00000000b7c00000, 0x00000000b9100000, 0x00000000c2200000)
  object space 21504K, 48% used [0x00000000b7c00000,0x00000000b8637948,0x00000000b9100000)
}
Event: 1,160 GC heap before
{Heap before GC invocations=5 (full 0):
 PSYoungGen      total 68096K, used 67723K [0x00000000eb600000, 0x00000000efb00000, 0x0000000100000000)
  eden space 65536K, 99% used [0x00000000eb600000,0x00000000ef5f9338,0x00000000ef600000)
  from space 2560K, 86% used [0x00000000ef880000,0x00000000efaa9a80,0x00000000efb00000)
  to   space 2560K, 0% used [0x00000000ef600000,0x00000000ef600000,0x00000000ef880000)
 ParOldGen       total 41984K, used 997K [0x00000000c2200000, 0x00000000c4b00000, 0x00000000eb600000)
  object space 41984K, 2% used [0x00000000c2200000,0x00000000c22f95d8,0x00000000c4b00000)
 PSPermGen       total 21504K, used 10462K [0x00000000b7c00000, 0x00000000b9100000, 0x00000000c2200000)
  object space 21504K, 48% used [0x00000000b7c00000,0x00000000b8637948,0x00000000b9100000)
Event: 1,169 GC heap after
Heap after GC invocations=5 (full 0):
 PSYoungGen      total 68096K, used 2349K [0x00000000eb600000, 0x00000000f3d00000, 0x0000000100000000)
  eden space 65536K, 0% used [0x00000000eb600000,0x00000000eb600000,0x00000000ef600000)
  from space 2560K, 91% used [0x00000000ef600000,0x00000000ef84b6f0,0x00000000ef880000)
  to   space 3584K, 0% used [0x00000000f3980000,0x00000000f3980000,0x00000000f3d00000)
 ParOldGen       total 41984K, used 997K [0x00000000c2200000, 0x00000000c4b00000, 0x00000000eb600000)
  object space 41984K, 2% used [0x00000000c2200000,0x00000000c22f95d8,0x00000000c4b00000)
 PSPermGen       total 21504K, used 10462K [0x00000000b7c00000, 0x00000000b9100000, 0x00000000c2200000)
  object space 21504K, 48% used [0x00000000b7c00000,0x00000000b8637948,0x00000000b9100000)
}

