# JRE version: OpenJDK Runtime Environment (7.0_65-b32) (build 1.7.0_65-b32)
# Java VM: OpenJDK 64-Bit Server VM (24.65-b04 mixed mode linux-amd64 compressed oops)
Heap
 PSYoungGen      total 333824K, used 259752K [0x00000000eb600000, 0x0000000100000000, 0x0000000100000000)
  eden space 329728K, 78% used [0x00000000eb600000,0x00000000fb3a2350,0x00000000ff800000)
  from space 4096K, 0% used [0x00000000ff800000,0x00000000ff808000,0x00000000ffc00000)
  to   space 4096K, 0% used [0x00000000ffc00000,0x00000000ffc00000,0x0000000100000000)
 ParOldGen       total 41984K, used 3344K [0x00000000c2200000, 0x00000000c4b00000, 0x00000000eb600000)
  object space 41984K, 7% used [0x00000000c2200000,0x00000000c2544010,0x00000000c4b00000)
 PSPermGen       total 21504K, used 13342K [0x00000000b7c00000, 0x00000000b9100000, 0x00000000c2200000)
  object space 21504K, 62% used [0x00000000b7c00000,0x00000000b89078a8,0x00000000b9100000)
GC Heap History (10 events):
Event: 4,311 GC heap before
{Heap before GC invocations=9 (full 0):
 PSYoungGen      total 133632K, used 131597K [0x00000000eb600000, 0x00000000f3d00000, 0x0000000100000000)
  eden space 130560K, 100% used [0x00000000eb600000,0x00000000f3580000,0x00000000f3580000)
  from space 3072K, 33% used [0x00000000f3900000,0x00000000f3a037f8,0x00000000f3c00000)
  to   space 3584K, 0% used [0x00000000f3580000,0x00000000f3580000,0x00000000f3900000)
 ParOldGen       total 41984K, used 2277K [0x00000000c2200000, 0x00000000c4b00000, 0x00000000eb600000)
  object space 41984K, 5% used [0x00000000c2200000,0x00000000c2439718,0x00000000c4b00000)
 PSPermGen       total 21504K, used 12296K [0x00000000b7c00000, 0x00000000b9100000, 0x00000000c2200000)
  object space 21504K, 57% used [0x00000000b7c00000,0x00000000b88020b0,0x00000000b9100000)
Event: 4,315 GC heap after
Heap after GC invocations=9 (full 0):
 PSYoungGen      total 134144K, used 909K [0x00000000eb600000, 0x00000000f8900000, 0x0000000100000000)
  eden space 130560K, 0% used [0x00000000eb600000,0x00000000eb600000,0x00000000f3580000)
  from space 3584K, 25% used [0x00000000f3580000,0x00000000f36637e8,0x00000000f3900000)
  to   space 3584K, 0% used [0x00000000f8580000,0x00000000f8580000,0x00000000f8900000)
 ParOldGen       total 41984K, used 2373K [0x00000000c2200000, 0x00000000c4b00000, 0x00000000eb600000)
  object space 41984K, 5% used [0x00000000c2200000,0x00000000c2451728,0x00000000c4b00000)
 PSPermGen       total 21504K, used 12296K [0x00000000b7c00000, 0x00000000b9100000, 0x00000000c2200000)
  object space 21504K, 57% used [0x00000000b7c00000,0x00000000b88020b0,0x00000000b9100000)
}
Event: 4,965 GC heap before
{Heap before GC invocations=10 (full 0):
 PSYoungGen      total 134144K, used 131469K [0x00000000eb600000, 0x00000000f8900000, 0x0000000100000000)
  eden space 130560K, 100% used [0x00000000eb600000,0x00000000f3580000,0x00000000f3580000)
  from space 3584K, 25% used [0x00000000f3580000,0x00000000f36637e8,0x00000000f3900000)
  to   space 3584K, 0% used [0x00000000f8580000,0x00000000f8580000,0x00000000f8900000)
 ParOldGen       total 41984K, used 2373K [0x00000000c2200000, 0x00000000c4b00000, 0x00000000eb600000)
  object space 41984K, 5% used [0x00000000c2200000,0x00000000c2451728,0x00000000c4b00000)
 PSPermGen       total 21504K, used 12304K [0x00000000b7c00000, 0x00000000b9100000, 0x00000000c2200000)
  object space 21504K, 57% used [0x00000000b7c00000,0x00000000b88040c0,0x00000000b9100000)
Event: 4,969 GC heap after
Heap after GC invocations=10 (full 0):
 PSYoungGen      total 212480K, used 96K [0x00000000eb600000, 0x00000000f8900000, 0x0000000100000000)
  eden space 208896K, 0% used [0x00000000eb600000,0x00000000eb600000,0x00000000f8200000)
  from space 3584K, 2% used [0x00000000f8580000,0x00000000f8598000,0x00000000f8900000)
  to   space 3584K, 0% used [0x00000000f8200000,0x00000000f8200000,0x00000000f8580000)
 ParOldGen       total 41984K, used 3248K [0x00000000c2200000, 0x00000000c4b00000, 0x00000000eb600000)
  object space 41984K, 7% used [0x00000000c2200000,0x00000000c252c010,0x00000000c4b00000)
 PSPermGen       total 21504K, used 12304K [0x00000000b7c00000, 0x00000000b9100000, 0x00000000c2200000)
  object space 21504K, 57% used [0x00000000b7c00000,0x00000000b88040c0,0x00000000b9100000)
}
Event: 5,886 GC heap before
{Heap before GC invocations=11 (full 0):
 PSYoungGen      total 212480K, used 208992K [0x00000000eb600000, 0x00000000f8900000, 0x0000000100000000)
  eden space 208896K, 100% used [0x00000000eb600000,0x00000000f8200000,0x00000000f8200000)
  from space 3584K, 2% used [0x00000000f8580000,0x00000000f8598000,0x00000000f8900000)
  to   space 3584K, 0% used [0x00000000f8200000,0x00000000f8200000,0x00000000f8580000)
 ParOldGen       total 41984K, used 3248K [0x00000000c2200000, 0x00000000c4b00000, 0x00000000eb600000)
  object space 41984K, 7% used [0x00000000c2200000,0x00000000c252c010,0x00000000c4b00000)
 PSPermGen       total 21504K, used 12328K [0x00000000b7c00000, 0x00000000b9100000, 0x00000000c2200000)
  object space 21504K, 57% used [0x00000000b7c00000,0x00000000b880a388,0x00000000b9100000)
Event: 5,887 GC heap after
Heap after GC invocations=11 (full 0):
 PSYoungGen      total 212480K, used 202K [0x00000000eb600000, 0x0000000100000000, 0x0000000100000000)
  eden space 208896K, 0% used [0x00000000eb600000,0x00000000eb600000,0x00000000f8200000)
  from space 3584K, 5% used [0x00000000f8200000,0x00000000f8232a90,0x00000000f8580000)
  to   space 4096K, 0% used [0x00000000ffc00000,0x00000000ffc00000,0x0000000100000000)
 ParOldGen       total 41984K, used 3256K [0x00000000c2200000, 0x00000000c4b00000, 0x00000000eb600000)
  object space 41984K, 7% used [0x00000000c2200000,0x00000000c252e010,0x00000000c4b00000)
 PSPermGen       total 21504K, used 12328K [0x00000000b7c00000, 0x00000000b9100000, 0x00000000c2200000)
  object space 21504K, 57% used [0x00000000b7c00000,0x00000000b880a388,0x00000000b9100000)
}
Event: 6,806 GC heap before
{Heap before GC invocations=12 (full 0):
 PSYoungGen      total 212480K, used 209098K [0x00000000eb600000, 0x0000000100000000, 0x0000000100000000)
  eden space 208896K, 100% used [0x00000000eb600000,0x00000000f8200000,0x00000000f8200000)
  from space 3584K, 5% used [0x00000000f8200000,0x00000000f8232a90,0x00000000f8580000)
  to   space 4096K, 0% used [0x00000000ffc00000,0x00000000ffc00000,0x0000000100000000)
 ParOldGen       total 41984K, used 3256K [0x00000000c2200000, 0x00000000c4b00000, 0x00000000eb600000)
  object space 41984K, 7% used [0x00000000c2200000,0x00000000c252e010,0x00000000c4b00000)
 PSPermGen       total 21504K, used 12336K [0x00000000b7c00000, 0x00000000b9100000, 0x00000000c2200000)
  object space 21504K, 57% used [0x00000000b7c00000,0x00000000b880c398,0x00000000b9100000)
Event: 6,807 GC heap after
Heap after GC invocations=12 (full 0):
 PSYoungGen      total 333824K, used 64K [0x00000000eb600000, 0x0000000100000000, 0x0000000100000000)
  eden space 329728K, 0% used [0x00000000eb600000,0x00000000eb600000,0x00000000ff800000)
  from space 4096K, 1% used [0x00000000ffc00000,0x00000000ffc10000,0x0000000100000000)
  to   space 4096K, 0% used [0x00000000ff800000,0x00000000ff800000,0x00000000ffc00000)
 ParOldGen       total 41984K, used 3336K [0x00000000c2200000, 0x00000000c4b00000, 0x00000000eb600000)
  object space 41984K, 7% used [0x00000000c2200000,0x00000000c2542010,0x00000000c4b00000)
 PSPermGen       total 21504K, used 12336K [0x00000000b7c00000, 0x00000000b9100000, 0x00000000c2200000)
  object space 21504K, 57% used [0x00000000b7c00000,0x00000000b880c398,0x00000000b9100000)
}
Event: 8,269 GC heap before
{Heap before GC invocations=13 (full 0):
 PSYoungGen      total 333824K, used 329792K [0x00000000eb600000, 0x0000000100000000, 0x0000000100000000)
  eden space 329728K, 100% used [0x00000000eb600000,0x00000000ff800000,0x00000000ff800000)
  from space 4096K, 1% used [0x00000000ffc00000,0x00000000ffc10000,0x0000000100000000)
  to   space 4096K, 0% used [0x00000000ff800000,0x00000000ff800000,0x00000000ffc00000)
 ParOldGen       total 41984K, used 3336K [0x00000000c2200000, 0x00000000c4b00000, 0x00000000eb600000)
  object space 41984K, 7% used [0x00000000c2200000,0x00000000c2542010,0x00000000c4b00000)
 PSPermGen       total 21504K, used 12344K [0x00000000b7c00000, 0x00000000b9100000, 0x00000000c2200000)
  object space 21504K, 57% used [0x00000000b7c00000,0x00000000b880e3d0,0x00000000b9100000)
Event: 8,270 GC heap after
Heap after GC invocations=13 (full 0):
 PSYoungGen      total 333824K, used 32K [0x00000000eb600000, 0x0000000100000000, 0x0000000100000000)
  eden space 329728K, 0% used [0x00000000eb600000,0x00000000eb600000,0x00000000ff800000)
  from space 4096K, 0% used [0x00000000ff800000,0x00000000ff808000,0x00000000ffc00000)
  to   space 4096K, 0% used [0x00000000ffc00000,0x00000000ffc00000,0x0000000100000000)
 ParOldGen       total 41984K, used 3344K [0x00000000c2200000, 0x00000000c4b00000, 0x00000000eb600000)
  object space 41984K, 7% used [0x00000000c2200000,0x00000000c2544010,0x00000000c4b00000)
 PSPermGen       total 21504K, used 12344K [0x00000000b7c00000, 0x00000000b9100000, 0x00000000c2200000)
  object space 21504K, 57% used [0x00000000b7c00000,0x00000000b880e3d0,0x00000000b9100000)
}

