# JRE version: OpenJDK Runtime Environment (7.0_65-b32) (build 1.7.0_65-b32)
# Java VM: OpenJDK 64-Bit Server VM (24.65-b04 mixed mode linux-amd64 compressed oops)
Heap
 PSYoungGen      total 69120K, used 56429K [0x00000000eb600000, 0x00000000efd00000, 0x0000000100000000)
  eden space 65536K, 82% used [0x00000000eb600000,0x00000000eead5e38,0x00000000ef600000)
  from space 3584K, 64% used [0x00000000ef980000,0x00000000efbc5898,0x00000000efd00000)
  to   space 3584K, 0% used [0x00000000ef600000,0x00000000ef600000,0x00000000ef980000)
 ParOldGen       total 41984K, used 987K [0x00000000c2200000, 0x00000000c4b00000, 0x00000000eb600000)
  object space 41984K, 2% used [0x00000000c2200000,0x00000000c22f6f18,0x00000000c4b00000)
 PSPermGen       total 21504K, used 11645K [0x00000000b7c00000, 0x00000000b9100000, 0x00000000c2200000)
  object space 21504K, 54% used [0x00000000b7c00000,0x00000000b875f4a8,0x00000000b9100000)
GC Heap History (10 events):
Event: 1,103 GC heap before
{Heap before GC invocations=2 (full 0):
 PSYoungGen      total 18944K, used 18931K [0x00000000eb600000, 0x00000000ecb00000, 0x0000000100000000)
  eden space 16384K, 99% used [0x00000000eb600000,0x00000000ec5fd540,0x00000000ec600000)
  from space 2560K, 99% used [0x00000000ec600000,0x00000000ec87fa08,0x00000000ec880000)
  to   space 2560K, 0% used [0x00000000ec880000,0x00000000ec880000,0x00000000ecb00000)
 ParOldGen       total 41984K, used 979K [0x00000000c2200000, 0x00000000c4b00000, 0x00000000eb600000)
  object space 41984K, 2% used [0x00000000c2200000,0x00000000c22f4f18,0x00000000c4b00000)
 PSPermGen       total 21504K, used 10453K [0x00000000b7c00000, 0x00000000b9100000, 0x00000000c2200000)
  object space 21504K, 48% used [0x00000000b7c00000,0x00000000b8635788,0x00000000b9100000)
Event: 1,108 GC heap after
Heap after GC invocations=2 (full 0):
 PSYoungGen      total 18944K, used 1958K [0x00000000eb600000, 0x00000000edb00000, 0x0000000100000000)
  eden space 16384K, 0% used [0x00000000eb600000,0x00000000eb600000,0x00000000ec600000)
  from space 2560K, 76% used [0x00000000ec880000,0x00000000eca69a38,0x00000000ecb00000)
  to   space 2560K, 0% used [0x00000000ec600000,0x00000000ec600000,0x00000000ec880000)
 ParOldGen       total 41984K, used 979K [0x00000000c2200000, 0x00000000c4b00000, 0x00000000eb600000)
  object space 41984K, 2% used [0x00000000c2200000,0x00000000c22f4f18,0x00000000c4b00000)
 PSPermGen       total 21504K, used 10453K [0x00000000b7c00000, 0x00000000b9100000, 0x00000000c2200000)
  object space 21504K, 48% used [0x00000000b7c00000,0x00000000b8635788,0x00000000b9100000)
}
Event: 1,124 GC heap before
{Heap before GC invocations=3 (full 0):
 PSYoungGen      total 18944K, used 18174K [0x00000000eb600000, 0x00000000edb00000, 0x0000000100000000)
  eden space 16384K, 98% used [0x00000000eb600000,0x00000000ec5d5e20,0x00000000ec600000)
  from space 2560K, 76% used [0x00000000ec880000,0x00000000eca69a38,0x00000000ecb00000)
  to   space 2560K, 0% used [0x00000000ec600000,0x00000000ec600000,0x00000000ec880000)
 ParOldGen       total 41984K, used 979K [0x00000000c2200000, 0x00000000c4b00000, 0x00000000eb600000)
  object space 41984K, 2% used [0x00000000c2200000,0x00000000c22f4f18,0x00000000c4b00000)
 PSPermGen       total 21504K, used 10456K [0x00000000b7c00000, 0x00000000b9100000, 0x00000000c2200000)
  object space 21504K, 48% used [0x00000000b7c00000,0x00000000b86360c0,0x00000000b9100000)
Event: 1,129 GC heap after
Heap after GC invocations=3 (full 0):
 PSYoungGen      total 18944K, used 1898K [0x00000000eb600000, 0x00000000edb00000, 0x0000000100000000)
  eden space 16384K, 0% used [0x00000000eb600000,0x00000000eb600000,0x00000000ec600000)
  from space 2560K, 74% used [0x00000000ec600000,0x00000000ec7da880,0x00000000ec880000)
  to   space 2560K, 0% used [0x00000000ed880000,0x00000000ed880000,0x00000000edb00000)
 ParOldGen       total 41984K, used 987K [0x00000000c2200000, 0x00000000c4b00000, 0x00000000eb600000)
  object space 41984K, 2% used [0x00000000c2200000,0x00000000c22f6f18,0x00000000c4b00000)
 PSPermGen       total 21504K, used 10456K [0x00000000b7c00000, 0x00000000b9100000, 0x00000000c2200000)
  object space 21504K, 48% used [0x00000000b7c00000,0x00000000b86360c0,0x00000000b9100000)
}
Event: 1,145 GC heap before
{Heap before GC invocations=4 (full 0):
 PSYoungGen      total 18944K, used 18273K [0x00000000eb600000, 0x00000000edb00000, 0x0000000100000000)
  eden space 16384K, 99% used [0x00000000eb600000,0x00000000ec5fded8,0x00000000ec600000)
  from space 2560K, 74% used [0x00000000ec600000,0x00000000ec7da880,0x00000000ec880000)
  to   space 2560K, 0% used [0x00000000ed880000,0x00000000ed880000,0x00000000edb00000)
 ParOldGen       total 41984K, used 987K [0x00000000c2200000, 0x00000000c4b00000, 0x00000000eb600000)
  object space 41984K, 2% used [0x00000000c2200000,0x00000000c22f6f18,0x00000000c4b00000)
 PSPermGen       total 21504K, used 10456K [0x00000000b7c00000, 0x00000000b9100000, 0x00000000c2200000)
  object space 21504K, 48% used [0x00000000b7c00000,0x00000000b86360c0,0x00000000b9100000)
Event: 1,153 GC heap after
Heap after GC invocations=4 (full 0):
 PSYoungGen      total 35328K, used 2094K [0x00000000eb600000, 0x00000000edb00000, 0x0000000100000000)
  eden space 32768K, 0% used [0x00000000eb600000,0x00000000eb600000,0x00000000ed600000)
  from space 2560K, 81% used [0x00000000ed880000,0x00000000eda8b878,0x00000000edb00000)
  to   space 2560K, 0% used [0x00000000ed600000,0x00000000ed600000,0x00000000ed880000)
 ParOldGen       total 41984K, used 987K [0x00000000c2200000, 0x00000000c4b00000, 0x00000000eb600000)
  object space 41984K, 2% used [0x00000000c2200000,0x00000000c22f6f18,0x00000000c4b00000)
 PSPermGen       total 21504K, used 10456K [0x00000000b7c00000, 0x00000000b9100000, 0x00000000c2200000)
  object space 21504K, 48% used [0x00000000b7c00000,0x00000000b86360c0,0x00000000b9100000)
}
Event: 1,185 GC heap before
{Heap before GC invocations=5 (full 0):
 PSYoungGen      total 35328K, used 34862K [0x00000000eb600000, 0x00000000edb00000, 0x0000000100000000)
  eden space 32768K, 100% used [0x00000000eb600000,0x00000000ed600000,0x00000000ed600000)
  from space 2560K, 81% used [0x00000000ed880000,0x00000000eda8b878,0x00000000edb00000)
  to   space 2560K, 0% used [0x00000000ed600000,0x00000000ed600000,0x00000000ed880000)
 ParOldGen       total 41984K, used 987K [0x00000000c2200000, 0x00000000c4b00000, 0x00000000eb600000)
  object space 41984K, 2% used [0x00000000c2200000,0x00000000c22f6f18,0x00000000c4b00000)
 PSPermGen       total 21504K, used 10462K [0x00000000b7c00000, 0x00000000b9100000, 0x00000000c2200000)
  object space 21504K, 48% used [0x00000000b7c00000,0x00000000b8637948,0x00000000b9100000)
Event: 1,192 GC heap after
Heap after GC invocations=5 (full 0):
 PSYoungGen      total 35328K, used 2214K [0x00000000eb600000, 0x00000000efd00000, 0x0000000100000000)
  eden space 32768K, 0% used [0x00000000eb600000,0x00000000eb600000,0x00000000ed600000)
  from space 2560K, 86% used [0x00000000ed600000,0x00000000ed829a80,0x00000000ed880000)
  to   space 3584K, 0% used [0x00000000ef980000,0x00000000ef980000,0x00000000efd00000)
 ParOldGen       total 41984K, used 987K [0x00000000c2200000, 0x00000000c4b00000, 0x00000000eb600000)
  object space 41984K, 2% used [0x00000000c2200000,0x00000000c22f6f18,0x00000000c4b00000)
 PSPermGen       total 21504K, used 10462K [0x00000000b7c00000, 0x00000000b9100000, 0x00000000c2200000)
  object space 21504K, 48% used [0x00000000b7c00000,0x00000000b8637948,0x00000000b9100000)
}
Event: 1,216 GC heap before
{Heap before GC invocations=6 (full 0):
 PSYoungGen      total 35328K, used 34974K [0x00000000eb600000, 0x00000000efd00000, 0x0000000100000000)
  eden space 32768K, 99% used [0x00000000eb600000,0x00000000ed5fddb8,0x00000000ed600000)
  from space 2560K, 86% used [0x00000000ed600000,0x00000000ed829a80,0x00000000ed880000)
  to   space 3584K, 0% used [0x00000000ef980000,0x00000000ef980000,0x00000000efd00000)
 ParOldGen       total 41984K, used 987K [0x00000000c2200000, 0x00000000c4b00000, 0x00000000eb600000)
  object space 41984K, 2% used [0x00000000c2200000,0x00000000c22f6f18,0x00000000c4b00000)
 PSPermGen       total 21504K, used 10462K [0x00000000b7c00000, 0x00000000b9100000, 0x00000000c2200000)
  object space 21504K, 48% used [0x00000000b7c00000,0x00000000b8637948,0x00000000b9100000)
Event: 1,226 GC heap after
Heap after GC invocations=6 (full 0):
 PSYoungGen      total 69120K, used 2326K [0x00000000eb600000, 0x00000000efd00000, 0x0000000100000000)
  eden space 65536K, 0% used [0x00000000eb600000,0x00000000eb600000,0x00000000ef600000)
  from space 3584K, 64% used [0x00000000ef980000,0x00000000efbc5898,0x00000000efd00000)
  to   space 3584K, 0% used [0x00000000ef600000,0x00000000ef600000,0x00000000ef980000)
 ParOldGen       total 41984K, used 987K [0x00000000c2200000, 0x00000000c4b00000, 0x00000000eb600000)
  object space 41984K, 2% used [0x00000000c2200000,0x00000000c22f6f18,0x00000000c4b00000)
 PSPermGen       total 21504K, used 10462K [0x00000000b7c00000, 0x00000000b9100000, 0x00000000c2200000)
  object space 21504K, 48% used [0x00000000b7c00000,0x00000000b8637948,0x00000000b9100000)
}

